<?xml version="1.0" encoding="UTF-8"?>
<!-- Generated by org.testng.reporters.JUnitReportReporter -->
<testsuite skipped="0" hostname="VRUSHYOG-PC" name="com.crm.qa.testcases.HomePageTest" tests="2" failures="0" timestamp="09 Jul 2021 19:06:18 GMT" time="63.847" errors="0">
  <testcase name="verifyHomePageTitleTest" time="47.508" classname="com.crm.qa.testcases.HomePageTest"/>
  <testcase name="verifyuserNameTest" time="16.339" classname="com.crm.qa.testcases.HomePageTest"/>
</testsuite> <!-- com.crm.qa.testcases.HomePageTest -->
