<?xml version="1.0" encoding="UTF-8"?>
<!-- Generated by org.testng.reporters.JUnitReportReporter -->
<testsuite skipped="0" hostname="VRUSHYOG-PC" name="com.crm.qa.testcases.LoginPageTest" tests="3" failures="0" timestamp="08 Jul 2021 11:21:31 GMT" time="60.426" errors="0">
  <testcase name="LoginPageTitleTest" time="13.255" classname="com.crm.qa.testcases.LoginPageTest"/>
  <testcase name="CrmLogoImgTest" time="16.586" classname="com.crm.qa.testcases.LoginPageTest"/>
  <testcase name="LoginTest" time="30.585" classname="com.crm.qa.testcases.LoginPageTest"/>
</testsuite> <!-- com.crm.qa.testcases.LoginPageTest -->
